<?xml version='1.0' encoding='UTF-8'?>
<result plugin="junit@1.2-beta-4">
  <suites>
    <suite>
      <file>/root/.jenkins/jobs/myFirstJob/workspace/build/test-results/TEST-com.technologyconversations.articles.continuousdelivery.GameTest.xml</file>
      <name>com.technologyconversations.articles.continuousdelivery.GameTest</name>
      <stdout></stdout>
      <stderr></stderr>
      <duration>0.12499999</duration>
      <timestamp>2015-05-15T13:49:00</timestamp>
      <cases>
        <case>
          <duration>0.105</duration>
          <className>com.technologyconversations.articles.continuousdelivery.GameTest</className>
          <testName>fortyShouldBeDescriptionForScore3</testName>
          <skipped>false</skipped>
          <failedSince>0</failedSince>
        </case>
        <case>
          <duration>0.007</duration>
          <className>com.technologyconversations.articles.continuousdelivery.GameTest</className>
          <testName>deuceShouldBeDescriptionWhenAtLeastThreePointsHaveBeenScoredByEachPlayerAndTheScoresAreEqual</testName>
          <skipped>false</skipped>
          <failedSince>0</failedSince>
        </case>
        <case>
          <duration>0.0</duration>
          <className>com.technologyconversations.articles.continuousdelivery.GameTest</className>
          <testName>thirtyShouldBeDescriptionForScore2</testName>
          <skipped>false</skipped>
          <failedSince>0</failedSince>
        </case>
        <case>
          <duration>0.001</duration>
          <className>com.technologyconversations.articles.continuousdelivery.GameTest</className>
          <testName>gameShouldBeWonByTheFirstPlayerToHaveWonAtLeastFourPointsInTotalAndWithAtLeastTwoPointsMore</testName>
          <skipped>false</skipped>
          <failedSince>0</failedSince>
        </case>
        <case>
          <duration>0.0</duration>
          <className>com.technologyconversations.articles.continuousdelivery.GameTest</className>
          <testName>loveShouldBeDescriptionForScore0</testName>
          <skipped>false</skipped>
          <failedSince>0</failedSince>
        </case>
        <case>
          <duration>0.006</duration>
          <className>com.technologyconversations.articles.continuousdelivery.GameTest</className>
          <testName>advantageShouldBeDescriptionWhenAtLeastThreePointsHaveBeenScoredByBothAndPlayerHasOnePointMore</testName>
          <skipped>false</skipped>
          <failedSince>0</failedSince>
        </case>
        <case>
          <duration>0.006</duration>
          <className>com.technologyconversations.articles.continuousdelivery.GameTest</className>
          <testName>fifteenShouldBeDescriptionForScore1</testName>
          <skipped>false</skipped>
          <failedSince>0</failedSince>
        </case>
      </cases>
    </suite>
    <suite>
      <file>/root/.jenkins/jobs/myFirstJob/workspace/build/test-results/TEST-com.technologyconversations.articles.continuousdelivery.PlayerTest.xml</file>
      <name>com.technologyconversations.articles.continuousdelivery.PlayerTest</name>
      <stdout></stdout>
      <stderr></stderr>
      <duration>0.007</duration>
      <timestamp>2015-05-15T13:49:01</timestamp>
      <cases>
        <case>
          <duration>0.007</duration>
          <className>com.technologyconversations.articles.continuousdelivery.PlayerTest</className>
          <testName>pointsCanBeAddedToEachPlayer</testName>
          <skipped>false</skipped>
          <failedSince>0</failedSince>
        </case>
      </cases>
    </suite>
  </suites>
  <duration>0.132</duration>
  <keepLongStdio>false</keepLongStdio>
</result>